\BOOKMARK [1][-]{section.1}{Introduction}{}
\BOOKMARK [2][-]{subsection.1.1}{Design Rules for Edit Operations}{section.1}
\BOOKMARK [2][-]{subsection.1.2}{Notations}{section.1}
\BOOKMARK [1][-]{section.2}{Conditions}{}
\BOOKMARK [2][-]{subsection.2.1}{Precondition: checkOtherNames}{section.2}
\BOOKMARK [2][-]{subsection.2.2}{Precondition: checkOppositeAggregationKind}{section.2}
\BOOKMARK [2][-]{subsection.2.3}{Precondition: checkInheritanceCycle}{section.2}
\BOOKMARK [1][-]{section.3}{Packages}{}
\BOOKMARK [2][-]{subsection.3.1}{createPackageInModel}{section.3}
\BOOKMARK [2][-]{subsection.3.2}{createPackageInPackage}{section.3}
\BOOKMARK [2][-]{subsection.3.3}{deletePackage}{section.3}
\BOOKMARK [2][-]{subsection.3.4}{editPackageName}{section.3}
\BOOKMARK [2][-]{subsection.3.5}{editPackageVisibility}{section.3}
\BOOKMARK [2][-]{subsection.3.6}{movePackageFromModelToPackage}{section.3}
\BOOKMARK [2][-]{subsection.3.7}{movePackageFromPackageToModel}{section.3}
\BOOKMARK [2][-]{subsection.3.8}{movePackageFromPackageToPackage}{section.3}
\BOOKMARK [1][-]{section.4}{Classes}{}
\BOOKMARK [2][-]{subsection.4.1}{createClass}{section.4}
\BOOKMARK [2][-]{subsection.4.2}{deleteClass}{section.4}
\BOOKMARK [2][-]{subsection.4.3}{editClassName}{section.4}
\BOOKMARK [2][-]{subsection.4.4}{editClassIsAbstract}{section.4}
\BOOKMARK [2][-]{subsection.4.5}{editClassIsFinal}{section.4}
\BOOKMARK [2][-]{subsection.4.6}{editClassVisibility}{section.4}
\BOOKMARK [2][-]{subsection.4.7}{moveClass}{section.4}
\BOOKMARK [1][-]{section.5}{Interfaces}{}
\BOOKMARK [2][-]{subsection.5.1}{createInterface}{section.5}
\BOOKMARK [2][-]{subsection.5.2}{deleteInterface}{section.5}
\BOOKMARK [2][-]{subsection.5.3}{editInterfaceName}{section.5}
\BOOKMARK [2][-]{subsection.5.4}{editInterfaceVisibility}{section.5}
\BOOKMARK [2][-]{subsection.5.5}{moveInterface}{section.5}
\BOOKMARK [1][-]{section.6}{Enumerations}{}
\BOOKMARK [2][-]{subsection.6.1}{createEnumeration}{section.6}
\BOOKMARK [2][-]{subsection.6.2}{deleteEnumeration}{section.6}
\BOOKMARK [2][-]{subsection.6.3}{editEnumerationName}{section.6}
\BOOKMARK [2][-]{subsection.6.4}{editEnumerationVisibility}{section.6}
\BOOKMARK [2][-]{subsection.6.5}{moveEnumeration}{section.6}
\BOOKMARK [1][-]{section.7}{Literals}{}
\BOOKMARK [2][-]{subsection.7.1}{createLiteral}{section.7}
\BOOKMARK [2][-]{subsection.7.2}{deleteLiteral}{section.7}
\BOOKMARK [2][-]{subsection.7.3}{editLiteralName}{section.7}
\BOOKMARK [2][-]{subsection.7.4}{moveLiteral}{section.7}
\BOOKMARK [1][-]{section.8}{PrimitiveTypes}{}
\BOOKMARK [2][-]{subsection.8.1}{createPrimitiveType}{section.8}
\BOOKMARK [2][-]{subsection.8.2}{deletePrimitiveType}{section.8}
\BOOKMARK [2][-]{subsection.8.3}{editPrimitiveTypeName}{section.8}
\BOOKMARK [2][-]{subsection.8.4}{movePrimitiveType}{section.8}
\BOOKMARK [1][-]{section.9}{Stereotypes}{}
\BOOKMARK [2][-]{subsection.9.1}{createStereotype}{section.9}
\BOOKMARK [2][-]{subsection.9.2}{deleteStereotype}{section.9}
\BOOKMARK [2][-]{subsection.9.3}{editStereotypeName}{section.9}
\BOOKMARK [1][-]{section.10}{Associations}{}
\BOOKMARK [2][-]{subsection.10.1}{createAssociationBetweenClasses}{section.10}
\BOOKMARK [2][-]{subsection.10.2}{createAssociationBetweenInterfaces}{section.10}
\BOOKMARK [2][-]{subsection.10.3}{deleteAssociation}{section.10}
\BOOKMARK [2][-]{subsection.10.4}{editAssociationName}{section.10}
\BOOKMARK [1][-]{section.11}{AssociationClasses}{}
\BOOKMARK [1][-]{section.12}{AssociationEnds}{}
\BOOKMARK [2][-]{subsection.12.1}{createAssociationEndIsClass}{section.12}
\BOOKMARK [2][-]{subsection.12.2}{createAssociationEndIsInterface}{section.12}
\BOOKMARK [2][-]{subsection.12.3}{deleteAssociationEnd}{section.12}
\BOOKMARK [2][-]{subsection.12.4}{editAssociationEndFromClassToClass}{section.12}
\BOOKMARK [2][-]{subsection.12.5}{editAssociationEndFromClassToInterface}{section.12}
\BOOKMARK [2][-]{subsection.12.6}{editAssociationEndFromInterfaceToClass}{section.12}
\BOOKMARK [2][-]{subsection.12.7}{editAssociationEndFromInterfaceToInterface}{section.12}
\BOOKMARK [2][-]{subsection.12.8}{editAssociationEndIsNavigatable}{section.12}
\BOOKMARK [2][-]{subsection.12.9}{editAssociationEndIsOrdered}{section.12}
\BOOKMARK [2][-]{subsection.12.10}{editAssociationEndName}{section.12}
\BOOKMARK [2][-]{subsection.12.11}{editAssociationEndKind}{section.12}
\BOOKMARK [2][-]{subsection.12.12}{editAssociationEndMultiplicity}{section.12}
\BOOKMARK [1][-]{section.13}{Generalizations}{}
\BOOKMARK [2][-]{subsection.13.1}{createGeneralizationBetweenAssociations}{section.13}
\BOOKMARK [2][-]{subsection.13.2}{createGeneralizationBetweenClasses}{section.13}
\BOOKMARK [2][-]{subsection.13.3}{createGeneralizationBetweenInterfaces}{section.13}
\BOOKMARK [2][-]{subsection.13.4}{deleteGeneralizationBetweenAssociations}{section.13}
\BOOKMARK [2][-]{subsection.13.5}{deleteGeneralizationBetweenClasses}{section.13}
\BOOKMARK [2][-]{subsection.13.6}{deleteGeneralizationBetweenInterfaces}{section.13}
\BOOKMARK [2][-]{subsection.13.7}{editGeneralizationGeneralElementFromAssociationToAssociation}{section.13}
\BOOKMARK [2][-]{subsection.13.8}{editGeneralizationGeneralElementFromClassToClass}{section.13}
\BOOKMARK [2][-]{subsection.13.9}{editGeneralizationGeneralElementFromInterfaceToInterface}{section.13}
\BOOKMARK [2][-]{subsection.13.10}{editGeneralizationSpecialElementFromInterfaceToInterface}{section.13}
\BOOKMARK [2][-]{subsection.13.11}{editGeneralizationSpecialElementFromClassToClass}{section.13}
\BOOKMARK [2][-]{subsection.13.12}{editGeneralizationSpecialElementFromAssociationToAssociation}{section.13}
\BOOKMARK [1][-]{section.14}{Operations}{}
\BOOKMARK [2][-]{subsection.14.1}{createOperationInClass}{section.14}
\BOOKMARK [2][-]{subsection.14.2}{createOperationInInterface}{section.14}
\BOOKMARK [2][-]{subsection.14.3}{deleteOperation}{section.14}
\BOOKMARK [2][-]{subsection.14.4}{editOperationName}{section.14}
\BOOKMARK [2][-]{subsection.14.5}{editOperationIsAbstract}{section.14}
\BOOKMARK [2][-]{subsection.14.6}{editOperationIsStatic}{section.14}
\BOOKMARK [2][-]{subsection.14.7}{editOperationVisibility}{section.14}
\BOOKMARK [2][-]{subsection.14.8}{editOperationReturnTypeFromClassToClass}{section.14}
\BOOKMARK [2][-]{subsection.14.9}{editOperationReturnTypeFromClassToPrimitive}{section.14}
\BOOKMARK [2][-]{subsection.14.10}{editOperationReturnTypeFromPrimitiveToClass}{section.14}
\BOOKMARK [2][-]{subsection.14.11}{editOperationReturnTypeFromPrimitiveToPrimitive}{section.14}
\BOOKMARK [2][-]{subsection.14.12}{moveOperationBetweenClasses}{section.14}
\BOOKMARK [2][-]{subsection.14.13}{moveOperationBetweenInterfaces}{section.14}
\BOOKMARK [2][-]{subsection.14.14}{moveOperationFromClassToInterface}{section.14}
\BOOKMARK [2][-]{subsection.14.15}{moveOperationFromInterfaceToClass}{section.14}
\BOOKMARK [1][-]{section.15}{Parameters}{}
\BOOKMARK [2][-]{subsection.15.1}{createParameter}{section.15}
\BOOKMARK [2][-]{subsection.15.2}{deleteParameter}{section.15}
\BOOKMARK [2][-]{subsection.15.3}{editParameterName}{section.15}
\BOOKMARK [2][-]{subsection.15.4}{editParameterKind}{section.15}
\BOOKMARK [2][-]{subsection.15.5}{editParameterTypeFromClassToClass}{section.15}
\BOOKMARK [2][-]{subsection.15.6}{editParameterTypeFromClassToPrimitive}{section.15}
\BOOKMARK [2][-]{subsection.15.7}{editParameterTypeFromPrimitiveToClass}{section.15}
\BOOKMARK [2][-]{subsection.15.8}{editParameterTypeFromPrimitiveToPrimitive}{section.15}
\BOOKMARK [2][-]{subsection.15.9}{moveParameter}{section.15}
\BOOKMARK [1][-]{section.16}{Attributes}{}
\BOOKMARK [2][-]{subsection.16.1}{createAttribute}{section.16}
\BOOKMARK [2][-]{subsection.16.2}{deleteAttribute}{section.16}
\BOOKMARK [2][-]{subsection.16.3}{editAttributeName}{section.16}
\BOOKMARK [2][-]{subsection.16.4}{editAttributeIsReadOnly}{section.16}
\BOOKMARK [2][-]{subsection.16.5}{editAttributeIsStatic}{section.16}
\BOOKMARK [2][-]{subsection.16.6}{editAttributeIsFinal}{section.16}
\BOOKMARK [2][-]{subsection.16.7}{editAttributeVisibility}{section.16}
\BOOKMARK [2][-]{subsection.16.8}{editAttributeTypeFromClassToClass}{section.16}
\BOOKMARK [2][-]{subsection.16.9}{editAttributeTypeFromClassToPrimitive}{section.16}
\BOOKMARK [2][-]{subsection.16.10}{editAttributeTypeFromPrimitiveToClass}{section.16}
\BOOKMARK [2][-]{subsection.16.11}{editAttributeTypeFromPrimitiveToPrimitive}{section.16}
\BOOKMARK [2][-]{subsection.16.12}{moveAttribute}{section.16}
\BOOKMARK [1][-]{section.17}{References}{}
